<?xml version="1.0" encoding="UTF-8"?>
<!-- Generated by org.testng.reporters.JUnitReportReporter -->
<testsuite hostname="DESKTOP-ISMRKJK" failures="0" tests="1" name="test.HotelTest" time="11.941" errors="0" timestamp="2023-05-29T22:06:14 BST" skipped="0">
  <testcase classname="test.HotelTest" name="testcase1" time="11.941"/>
  <system-out/>
</testsuite> <!-- test.HotelTest -->
